This is LuaTeX, Version 1.0.4 (TeX Live 2018/dev/Debian)  (format=lualatex 2017.10.4)  21 JAN 2018 13:01
 restricted system commands enabled.
**shulon.tex
(./shulon.tex
LaTeX2e <2017-04-15>
Lua module: luaotfload-main 2017/01/29 2.80001 OpenType layout system.
Lua module: lualibs 2017-02-01 2.5 ConTeXt Lua standard libraries.
Lua module: lualibs-extended 2017-02-01 2.5 ConTeXt Lua libraries -- extended co
llection.(using write cache: /home/taiki/.texlive2017/texmf-var/luatex-cache/gen
eric)(using read cache: /var/lib/texmf/luatex-cache/generic /home/taiki/.texlive
2017/texmf-var/luatex-cache/generic)
luaotfload | conf : Root cache directory is /home/taiki/.texlive2017/texmf-var/l
uatex-cache/generic/names.
luaotfload | init : Loading fontloader “fontloader-2017-02-11.lua” from kpse
-resolved path “/usr/share/texlive/texmf-dist/tex/luatex/luaotfload/fontloader
-2017-02-11.lua”.
Lua-only attribute luaotfload@state = 1
Lua-only attribute luaotfload@noligature = 2
Lua-only attribute luaotfload@syllabe = 3
luaotfload | init : Context OpenType loader version “3.027”
Inserting `luaotfload.node_processor' at position 1 in `pre_linebreak_filter'.
Inserting `luaotfload.node_processor' at position 1 in `hpack_filter'.
Inserting `luaotfload.define_font' at position 1 in `define_font'.
Lua-only attribute luaotfload_color_attribute = 4
luaotfload | conf : Root cache directory is /home/taiki/.texlive2017/texmf-var/l
uatex-cache/generic/names.
Inserting `luaotfload.aux.set_sscale_dimens' at position 1 in `luaotfload.patch_
font'.
Inserting `luaotfload.aux.patch_cambria_domh' at position 2 in `luaotfload.patch
_font'.
Inserting `luaotfload.aux.fixup_fontdata' at position 1 in `luaotfload.patch_fon
t_unsafe'.
Inserting `luaotfload.aux.set_capheight' at position 3 in `luaotfload.patch_font
'.
Inserting `luaotfload.rewrite_fontname' at position 4 in `luaotfload.patch_font'
.
luaotfload | main : initialization completed in 0.120 seconds
Babel <3.13> and hyphenation patterns for 1 language(s) loaded.
(/usr/share/texlive/texmf-dist/tex/latex/bxjscls/bxjsarticle.cls
Document Class: bxjsarticle 2017/09/09 v1.6 BXJS document classes
(/usr/share/texlive/texmf-dist/tex/latex/tools/calc.sty
Package: calc 2014/10/28 v4.3 Infix arithmetic (KKT,FJ)
\calc@Acount=\count79
\calc@Bcount=\count80
\calc@Adimen=\dimen102
\calc@Bdimen=\dimen103
\calc@Askip=\skip41
\calc@Bskip=\skip42
LaTeX Info: Redefining \setlength on input line 80.
LaTeX Info: Redefining \addtolength on input line 81.
\calc@Ccount=\count81
\calc@Cskip=\skip43
)
(/usr/share/texlive/texmf-dist/tex/latex/graphics/keyval.sty
Package: keyval 2014/10/28 v1.15 key=value parser (DPC)
\KV@toks@=\toks14
)
(/usr/share/texlive/texmf-dist/tex/latex/bxjscls/bxjscompat.sty
Package: bxjscompat 2017/09/09 v1.6 BXJS document classes
)
(/usr/share/texlive/texmf-dist/tex/generic/oberdiek/ifpdf.sty
Package: ifpdf 2017/03/15 v3.2 Provides the ifpdf switch
)
\stockwidth=\dimen104
\stockheight=\dimen105
\jsc@mpt=\dimen106
\jsc@mmm=\dimen107
\jsZw=\dimen108

(/usr/share/texlive/texmf-dist/tex/latex/type1cm/type1cm.sty
Package: type1cm 2002/09/05 v0.04 BlueSky/Y&Y Type1 CM font definitions (DPC, pa
tched RF)
)
\jsc@smallskipamount=\skip44
LaTeX Font Info:    Try loading font information for TU+cmr on input line 876.
LaTeX Font Info:    No file TUcmr.fd. on input line 876.


LaTeX Font Warning: Font shape `TU/cmr/m/n' undefined
(Font)              using `TU/lmr/m/n' instead on input line 876.

luaotfload | db : Font names database loaded from /home/taiki/.texlive2017/texmf
-var/luatex-cache/generic/names/luaotfload-names.luc(load luc: /home/taiki/.texl
ive2017/texmf-var/luatex-cache/generic/fonts/otl/lmroman10-regular.luc)
\Cht=\dimen109
\Cdp=\dimen110
\Cwd=\dimen111
\Cvs=\dimen112
\Chs=\dimen113
\fullwidth=\dimen114

(/usr/share/texlive/texmf-dist/tex/latex/geometry/geometry.sty
Package: geometry 2010/09/12 v5.6 Page Geometry

(/usr/share/texlive/texmf-dist/tex/generic/oberdiek/ifvtex.sty
Package: ifvtex 2016/05/16 v1.6 Detect VTeX and its facilities (HO)
Package ifvtex Info: VTeX not detected.
)
(/usr/share/texlive/texmf-dist/tex/generic/ifxetex/ifxetex.sty
Package: ifxetex 2010/09/12 v0.6 Provides ifxetex conditional
)
\Gm@cnth=\count82
\Gm@cntv=\count83
\c@Gm@tempcnt=\count84
\Gm@bindingoffset=\dimen115
\Gm@wd@mp=\dimen116
\Gm@odd@mp=\dimen117
\Gm@even@mp=\dimen118
\Gm@layoutwidth=\dimen119
\Gm@layoutheight=\dimen120
\Gm@layouthoffset=\dimen121
\Gm@layoutvoffset=\dimen122
\Gm@dimlist=\toks15
)
\c@part=\count85
\c@section=\count86
\c@subsection=\count87
\c@subsubsection=\count88
\c@paragraph=\count89
\c@subparagraph=\count90
\@abstractbox=\box26
\c@figure=\count91
\c@table=\count92
\abovecaptionskip=\skip45
\belowcaptionskip=\skip46
\jsc@tocl@width=\dimen123
\@lnumwidth=\dimen124
\bibindent=\dimen125
\heisei=\count93

(/usr/share/texlive/texmf-dist/tex/latex/bxjscls/bxjsja-minimal.def
File: bxjsja-minimal.def 2017/09/09 v1.6 BXJS document classes
))
(/usr/share/texlive/texmf-dist/tex/luatex/luatexja/luatexja.sty
Package: luatexja 2017/05/05 Japanese Typesetting with Lua(La)TeX

(/usr/share/texlive/texmf-dist/tex/luatex/luatexja/luatexja-core.sty
Package: luatexja-core 2017/05/05 Core of LuaTeX-ja

(/usr/share/texlive/texmf-dist/tex/luatex/luatexbase/luatexbase.sty
Package: luatexbase 2015/10/04 v1.3 luatexbase interface to LuaTeX 

(/usr/share/texlive/texmf-dist/tex/luatex/ctablestack/ctablestack.sty
Package: ctablestack 2015/10/01 v1.0 Catcode table stable support
\@catcodetablestackcnt=\count94
)
\CatcodeTableOther=\catcodetable5
\CatcodeTableExpl=\catcodetable6
)
(/usr/share/texlive/texmf-dist/tex/generic/oberdiek/ltxcmds.sty
Package: ltxcmds 2016/05/16 v1.23 LaTeX kernel commands for general use (HO)
)
(/usr/share/texlive/texmf-dist/tex/generic/oberdiek/pdftexcmds.sty
Package: pdftexcmds 2017/03/19 v0.25 Utility functions of pdfTeX for LuaTeX (HO)


(/usr/share/texlive/texmf-dist/tex/generic/oberdiek/infwarerr.sty
Package: infwarerr 2016/05/16 v1.4 Providing info/warning/error messages (HO)
)
(/usr/share/texlive/texmf-dist/tex/generic/oberdiek/ifluatex.sty
Package: ifluatex 2016/05/16 v1.4 Provides the ifluatex switch (HO)
Package ifluatex Info: LuaTeX detected.
)
Package pdftexcmds Info: \pdf@primitive is available.
Package pdftexcmds Info: \pdf@ifprimitive is available.
Package pdftexcmds Info: \pdfdraftmode found.
\pdftexcmds@toks=\toks16
)
(/usr/share/texlive/texmf-dist/tex/latex/xkeyval/xkeyval.sty
Package: xkeyval 2014/12/03 v2.7a package option processing (HA)

(/usr/share/texlive/texmf-dist/tex/generic/xkeyval/xkeyval.tex
(/usr/share/texlive/texmf-dist/tex/generic/xkeyval/xkvutils.tex
\XKV@toks=\toks17
\XKV@tempa@toks=\toks18
)
\XKV@depth=\count95
File: xkeyval.tex 2014/12/03 v2.7a key=value parser (HA)
))
(/usr/share/texlive/texmf-dist/tex/generic/oberdiek/atbegshi.sty
Package: atbegshi 2016/06/09 v1.18 At begin shipout hook (HO)
)
(/usr/share/texlive/texmf-dist/tex/latex/etoolbox/etoolbox.sty
Package: etoolbox 2017/01/02 v2.4 e-TeX tools for LaTeX (JAW)
\etb@tempcnta=\count96
)
\AtBeginShipoutBox=\box27

(/usr/share/texlive/texmf-dist/tex/latex/everyhook/everyhook.sty
(/usr/share/texlive/texmf-dist/tex/latex/svn-prov/svn-prov.sty
Package: svn-prov 2010/04/24 v3.1862 Package Date/Version from SVN Keywords
)
Package: everyhook 2014/11/26 v1.2 (SVN Rev: 12)\ Hooks for low level TeX everyX
 primitives.
\everypar=\toks19
\frozen@everymath=\toks20
\frozen@everydisplay=\toks21
\everyhbox=\toks22
\everyvbox=\toks23
\everycr=\toks24
)
\ltjlineendcomment=\count97
\ltj@zw=\dimen126
\ltj@zh=\dimen127
\jQ=\dimen128
\ltj@icflag=\attribute5
\ltj@curjfnt=\attribute6
\ltj@curtfnt=\attribute7
\ltj@origchar=\attribute8
\ltj@charclass=\attribute9
\ltj@charcode=\attribute10
\ltj@autospc=\attribute11
\ltj@autoxspc=\attribute12
\ltj@yablshift=\attribute13
\ltj@ykblshift=\attribute14
\ltj@tablshift=\attribute15
\ltj@tkblshift=\attribute16
\jfam=\attribute17
\ltj@dir=\attribute18
\ltj@@japanese=\language2
\ltj@tempcnta=\count98
\ltj@kcat0=\attribute19
\ltj@kcat1=\attribute20
\ltj@kcat2=\attribute21
\ltj@kcat3=\attribute22
\ltj@kcat4=\attribute23
\ltj@kcat5=\attribute24
\ltj@kcat6=\attribute25
Custom whatsit inhibitglue = 1
Custom whatsit stack_marker = 2
Custom whatsit begin_par = 3
Custom whatsit direction = 4
Custom whatsit box_boundary = 5(load cache: /home/taiki/.texlive2017/texmf-var/l
uatexja/ltj-cid-auto-adobe-japan1.luc)
Lua module: luatexja.charrange 2017/05/05 Handling the range of Japanese charact
ers
Lua module: luatexja.stack 2017/05/05 LuaTeX-ja stack system
Inserting `ltj.create_dir_whatsit' at position 2 in `hpack_filter'.
Inserting `ltj.create_dir_whatsit' at position 1 in `post_linebreak_filter'.
Inserting `ltj.direction' at position 1 in `vpack_filter'.
Inserting `ltj.direction' at position 1 in `pre_output_filter'.
Inserting `ltj.direction' at position 1 in `append_to_vlist_filter'.
Lua module: luatexja.jfont 2017/09/04 Loader for Japanese fonts
Removing  `luaotfload.define_font' from `define_font'.
Inserting `luatexja.font_callback' at position 1 in `define_font'.
Removing  `luaotfload.aux.set_sscale_dimens' from `luaotfload.patch_font'.
Removing  `luaotfload.aux.patch_cambria_domh' from `luaotfload.patch_font'.
Removing  `luaotfload.aux.set_capheight' from `luaotfload.patch_font'.
Removing  `luaotfload.rewrite_fontname' from `luaotfload.patch_font'.
Inserting `ltj.prepare_extra_data' at position 1 in `luaotfload.patch_font'.
Inserting `luaotfload.aux.set_sscale_dimens' at position 2 in `luaotfload.patch_
font'.
Inserting `luaotfload.aux.patch_cambria_domh' at position 3 in `luaotfload.patch
_font'.
Inserting `luaotfload.aux.set_capheight' at position 4 in `luaotfload.patch_font
'.
Inserting `luaotfload.rewrite_fontname' at position 5 in `luaotfload.patch_font'
.
Inserting `ltj.prepare_extra_data' at position 1 in `luatexja.define_font'.(load
 cache: /home/taiki/.texlive2017/texmf-var/luatexja/extra_lmroman10-regular.luc)
Inserting `ltj.v_advance' at position 1 in `luatexja.define_jfont'.
Removing  `ltj.v_advance' from `luatexja.define_jfont'.
Inserting `ltj.get_vert_form' at position 1 in `luatexja.define_jfont'.
Inserting `ltj.v_advance' at position 2 in `luatexja.define_jfont'.
Removing  `ltj.prepare_extra_data' from `luaotfload.patch_font'.
Removing  `luaotfload.aux.set_sscale_dimens' from `luaotfload.patch_font'.
Removing  `luaotfload.aux.patch_cambria_domh' from `luaotfload.patch_font'.
Removing  `luaotfload.aux.set_capheight' from `luaotfload.patch_font'.
Removing  `luaotfload.rewrite_fontname' from `luaotfload.patch_font'.
Inserting `ltj.supply_tounicode' at position 1 in `luaotfload.patch_font'.
Inserting `ltj.prepare_extra_data' at position 2 in `luaotfload.patch_font'.
Inserting `luaotfload.aux.set_sscale_dimens' at position 3 in `luaotfload.patch_
font'.
Inserting `luaotfload.aux.patch_cambria_domh' at position 4 in `luaotfload.patch
_font'.
Inserting `luaotfload.aux.set_capheight' at position 5 in `luaotfload.patch_font
'.
Inserting `luaotfload.rewrite_fontname' at position 6 in `luaotfload.patch_font'
.
Inserting `ltj.process_input_buffer' at position 1 in `process_input_buffer'.
Inserting `ltj.hyphenate' at position 1 in `hyphenate'.
Removing  `luaotfload.node_processor' from `hpack_filter'.
Removing  `ltj.create_dir_whatsit' from `hpack_filter'.
Inserting `ltj.set_stack_level' at position 1 in `hpack_filter'.
Inserting `luaotfload.node_processor' at position 2 in `hpack_filter'.
Inserting `ltj.create_dir_whatsit' at position 3 in `hpack_filter'.
Removing  `luaotfload.node_processor' from `pre_linebreak_filter'.
Inserting `ltj.set_stack_level' at position 1 in `pre_linebreak_filter'.
Inserting `luaotfload.node_processor' at position 2 in `pre_linebreak_filter'.
Lua module: luatexja.jfmglue 2017/05/05 Insertion process of JFM glues and kanji
skip
Inserting `luatexja.beginpar.np_info' at position 1 in `luatexja.jfmglue.whatsit
_getinfo'.
Inserting `luatexja.beginpar.np_info_after' at position 1 in `luatexja.jfmglue.w
hatsit_after'.
Inserting `ltj.mlist_to_hlist' at position 1 in `mlist_to_hlist'.
Lua module: luatexja.tangle 2011/05/14 
Inserting `ltj.main' at position 3 in `pre_linebreak_filter'.
Removing  `ltj.create_dir_whatsit' from `hpack_filter'.
Inserting `ltj.main' at position 3 in `hpack_filter'.
Inserting `ltj.create_dir_whatsit' at position 4 in `hpack_filter'.
Removing  `ltj.set_stack_level' from `pre_linebreak_filter'.
Removing  `luaotfload.node_processor' from `pre_linebreak_filter'.
Removing  `ltj.main' from `pre_linebreak_filter'.
Inserting `ltj.adjust_icflag' at position 1 in `pre_linebreak_filter'.
Inserting `ltj.set_stack_level' at position 2 in `pre_linebreak_filter'.
Inserting `luaotfload.node_processor' at position 3 in `pre_linebreak_filter'.
Inserting `ltj.main' at position 4 in `pre_linebreak_filter'.
Removing  `ltj.set_stack_level' from `hpack_filter'.
Removing  `luaotfload.node_processor' from `hpack_filter'.
Removing  `ltj.main' from `hpack_filter'.
Removing  `ltj.create_dir_whatsit' from `hpack_filter'.
Inserting `ltj.adjust_icflag' at position 1 in `hpack_filter'.
Inserting `ltj.set_stack_level' at position 2 in `hpack_filter'.
Inserting `luaotfload.node_processor' at position 3 in `hpack_filter'.
Inserting `ltj.main' at position 4 in `hpack_filter'.
Inserting `ltj.create_dir_whatsit' at position 5 in `hpack_filter'.
(/usr/share/texlive/texmf-dist/tex/luatex/luatexja/ltj-base.sty
Package: ltj-base 2017/05/05
\ltj@tempcntb=\count99
\ltj@tempcntc=\count100
\ltj@tempdima=\dimen129
\ltj@afbox=\box28
)
\ltj@@italic@inner=\luafunction1
\ltj@@jfont@inner=\luafunction2
\ltj@zw@inner=\luafunction3
\ltj@zh@inner=\luafunction4
\ltj@reset@globaldefs@inner=\luafunction5
\ltj@restore@globaldefs@inner=\luafunction6
\ltj@@ihb@inner=\luafunction7
\ltj@@fakeparbegin@inner=\luafunction8
\ltj@@fakeboxbdd@inner=\luafunction9
\ltj@@stack=\count101
\ltj@@group@level=\count102
\ltjsetkanjiskip@inner=\luafunction10
\ltjsetxkanjiskip@inner=\luafunction11
\ltj@@box@dirhook=\luafunction12
\ltj@@reset@badness@inner=\luafunction13

(/usr/share/texlive/texmf-dist/tex/luatex/luatexja/ltj-latex.sty
Package: ltj-latex 2017/06/18 LaTeX support of LuaTeX-ja

(/usr/share/texlive/texmf-dist/tex/luatex/luatexja/patches/lltjfont.sty
Package: lltjfont 2017/05/05 Patch to NFSS2 for LuaTeX-ja

(/usr/share/texlive/texmf-dist/tex/latex/base/tuenc.def
File: tuenc.def 2017/04/05 v2.0i Standard LaTeX file
LaTeX Font Info:    Redeclaring font encoding TU on input line 82.
)
\cht=\dimen130
\cdp=\dimen131
\cwd=\dimen132
\cvs=\dimen133
\chs=\dimen134
\cHT=\dimen135
\dstrutbox=\box29
\tstrutbox=\box30
\zstrutbox=\box31

(/usr/share/texlive/texmf-dist/tex/latex/ms/everysel.sty
Package: everysel 2011/10/28 v1.2 EverySelectfont Package (MS)
)
ABD: EverySelectfont initializing macros
LaTeX Info: Redefining \selectfont on input line 316.
\ltj@@adjust@baseline@inner=\luafunction14
LaTeX Info: Redefining \fontencoding on input line 466.
LaTeX Info: Redefining \fontfamily on input line 511.
LaTeX Info: Redefining \fontseries on input line 545.
LaTeX Info: Redefining \fontshape on input line 548.
LaTeX Info: Redefining \normalfont on input line 560.
)
(/usr/share/texlive/texmf-dist/tex/luatex/luatexja/patches/lltjdefs.sty
Package: lltjdefs 2017/05/05 Default font settings of LuaTeX-ja
LaTeX Font Info:    Font shape `JT3/mc/m/n' will be
(Font)              scaled to size 9.6222pt on input line 46.
luaotfload | cache : Lookup cache loaded from /home/taiki/.texlive2017/texmf-var
/luatex-cache/generic/names/luaotfload-lookup-cache.luc.(load luc: /home/taiki/.
texlive2017/texmf-var/luatex-cache/generic/fonts/otl/ipaexm.luc)(load cache: /ho
me/taiki/.texlive2017/texmf-var/luatexja/extra_ipaexmincho.luc)
(/usr/share/texlive/texmf-dist/tex/luatex/luatexja/jfm-ujisv.lua)
luaotfload | aux : font no 16 (nil) does not define feature vrt2 for script dflt
 with language dflt
luaotfload | aux : no font with id 16
LaTeX Font Info:    Font shape `JY3/mc/m/n' will be
(Font)              scaled to size 9.6222pt on input line 46.

(/usr/share/texlive/texmf-dist/tex/luatex/luatexja/jfm-ujis.lua)
LaTeX Info: Redefining \mc on input line 50.
LaTeX Info: Redefining \gt on input line 51.
\symmincho=\mathgroup4
LaTeX Font Info:    Overwriting symbol font `mincho' in version `bold'
(Font)                  JY3/mc/m/n --> JY3/gt/m/n on input line 55.
LaTeX Info: Redefining \rmfamily on input line 62.
LaTeX Info: Redefining \sffamily on input line 66.
LaTeX Info: Redefining \ttfamily on input line 70.
LaTeX Info: Redefining \em on input line 75.
)
(/usr/share/texlive/texmf-dist/tex/luatex/luatexja/patches/lltjcore.sty
Package: lltjcore 2017/08/27 Patch to LaTeX2e Kernel for LuaTeX-ja
\@tombowwidth=\dimen136
\@TL=\box32
\@Tl=\box33
\@TC=\box34
\@TR=\box35
\@Tr=\box36
\@BL=\box37
\@Bl=\box38
\@BC=\box39
\@BR=\box40
\@Br=\box41
\@CL=\box42
\@CR=\box43
\@bannertoken=\toks25
\@@paperheight=\dimen137
\@@paperwidth=\dimen138
\@@topmargin=\dimen139
\hour=\count103
\minute=\count104
)
(/usr/share/texlive/texmf-dist/tex/luatex/luatexja/patches/lltjp-geometry.sty
Package: lltjp-geometry 2017/05/05 Patch to geometry for LuaTeX-ja with vertical
 writing mode

(/usr/share/texlive/texmf-dist/tex/latex/filehook/filehook.sty
Package: filehook 2011/10/12 v0.5d Hooks for input files
)))
\ltj@temp@cctb=\catcodetable7
)
(/usr/share/texlive/texmf-dist/tex/luatex/luatexja/luatexja-compat.sty
Package: luatexja-compat 2017/05/05 Compatibility with pTeX
(load cache: /home/taiki/.texlive2017/texmf-var/luatexja/ltj-jisx0208.luc)
\hour=\count105
\minute=\count106
))
(/usr/share/texlive/texmf-dist/tex/luatex/luatexja/addons/luatexja-fontspec.sty
Package: luatexja-fontspec 2017/06/25 fontspec support of LuaTeX-ja
(/usr/share/texlive/texmf-dist/tex/latex/l3packages/l3keys2e/l3keys2e.sty
(/usr/share/texlive/texmf-dist/tex/latex/l3kernel/expl3.sty
Package: expl3 2017/09/18 L3 programming layer (loader) 

(/usr/share/texlive/texmf-dist/tex/latex/l3kernel/expl3-code.tex
Package: expl3 2017/09/18 L3 programming layer (code)
\ucharcat@table=\catcodetable8
\c_max_int=\count107
\l_tmpa_int=\count108
\l_tmpb_int=\count109
\g_tmpa_int=\count110
\g_tmpb_int=\count111
\g__intarray_font_int=\count112
\g__prg_map_int=\count113
\c_log_iow=\count114
\l_iow_line_count_int=\count115
\l__iow_line_target_int=\count116
\l__iow_one_indent_int=\count117
\l__iow_indent_int=\count118
\c_zero_dim=\dimen140
\c_max_dim=\dimen141
\l_tmpa_dim=\dimen142
\l_tmpb_dim=\dimen143
\g_tmpa_dim=\dimen144
\g_tmpb_dim=\dimen145
\c_zero_skip=\skip47
\c_max_skip=\skip48
\l_tmpa_skip=\skip49
\l_tmpb_skip=\skip50
\g_tmpa_skip=\skip51
\g_tmpb_skip=\skip52
\c_zero_muskip=\muskip10
\c_max_muskip=\muskip11
\l_tmpa_muskip=\muskip12
\l_tmpb_muskip=\muskip13
\g_tmpa_muskip=\muskip14
\g_tmpb_muskip=\muskip15
\l_keys_choice_int=\count119
\c__fp_leading_shift_int=\count120
\c__fp_middle_shift_int=\count121
\c__fp_trailing_shift_int=\count122
\c__fp_big_leading_shift_int=\count123
\c__fp_big_middle_shift_int=\count124
\c__fp_big_trailing_shift_int=\count125
\c__fp_Bigg_leading_shift_int=\count126
\c__fp_Bigg_middle_shift_int=\count127
\c__fp_Bigg_trailing_shift_int=\count128
\c__fp_rand_size_int=\count129
\c__fp_rand_four_int=\count130
\c__fp_rand_eight_int=\count131
\l__sort_length_int=\count132
\l__sort_min_int=\count133
\l__sort_top_int=\count134
\l__sort_max_int=\count135
\l__sort_true_max_int=\count136
\l__sort_block_int=\count137
\l__sort_begin_int=\count138
\l__sort_end_int=\count139
\l__sort_A_int=\count140
\l__sort_B_int=\count141
\l__sort_C_int=\count142
\l__tl_build_start_index_int=\count143
\l__tl_build_index_int=\count144
\l__tl_analysis_normal_int=\count145
\l__tl_analysis_index_int=\count146
\l__tl_analysis_nesting_int=\count147
\l__tl_analysis_type_int=\count148
\l__regex_internal_a_int=\count149
\l__regex_internal_b_int=\count150
\l__regex_internal_c_int=\count151
\l__regex_balance_int=\count152
\l__regex_group_level_int=\count153
\l__regex_mode_int=\count154
\c__regex_cs_in_class_mode_int=\count155
\c__regex_cs_mode_int=\count156
\l__regex_catcodes_int=\count157
\l__regex_default_catcodes_int=\count158
\c__regex_catcode_L_int=\count159
\c__regex_catcode_O_int=\count160
\c__regex_catcode_A_int=\count161
\c__regex_all_catcodes_int=\count162
\l__regex_show_lines_int=\count163
\l__regex_min_state_int=\count164
\l__regex_max_state_int=\count165
\l__regex_left_state_int=\count166
\l__regex_right_state_int=\count167
\l__regex_capturing_group_int=\count168
\l__regex_min_pos_int=\count169
\l__regex_max_pos_int=\count170
\l__regex_curr_pos_int=\count171
\l__regex_start_pos_int=\count172
\l__regex_success_pos_int=\count173
\l__regex_curr_char_int=\count174
\l__regex_curr_catcode_int=\count175
\l__regex_last_char_int=\count176
\l__regex_case_changed_char_int=\count177
\l__regex_curr_state_int=\count178
\l__regex_step_int=\count179
\l__regex_min_active_int=\count180
\l__regex_max_active_int=\count181
\l__regex_replacement_csnames_int=\count182
\l__regex_match_count_int=\count183
\l__regex_min_submatch_int=\count184
\l__regex_submatch_int=\count185
\l__regex_zeroth_submatch_int=\count186
\g__debug_trace_regex_int=\count187
\c_empty_box=\box44
\l_tmpa_box=\box45
\l_tmpb_box=\box46
\g_tmpa_box=\box47
\g_tmpb_box=\box48
\l__box_top_dim=\dimen146
\l__box_bottom_dim=\dimen147
\l__box_left_dim=\dimen148
\l__box_right_dim=\dimen149
\l__box_top_new_dim=\dimen150
\l__box_bottom_new_dim=\dimen151
\l__box_left_new_dim=\dimen152
\l__box_right_new_dim=\dimen153
\l__box_internal_box=\box49
\l__coffin_internal_box=\box50
\l__coffin_internal_dim=\dimen154
\l__coffin_offset_x_dim=\dimen155
\l__coffin_offset_y_dim=\dimen156
\l__coffin_x_dim=\dimen157
\l__coffin_y_dim=\dimen158
\l__coffin_x_prime_dim=\dimen159
\l__coffin_y_prime_dim=\dimen160
\c_empty_coffin=\box51
\l__coffin_aligned_coffin=\box52
\l__coffin_aligned_internal_coffin=\box53
\l_tmpa_coffin=\box54
\l_tmpb_coffin=\box55
\l__coffin_display_coffin=\box56
\l__coffin_display_coord_coffin=\box57
\l__coffin_display_pole_coffin=\box58
\l__coffin_display_offset_dim=\dimen161
\l__coffin_display_x_dim=\dimen162
\l__coffin_display_y_dim=\dimen163
\l__coffin_bounding_shift_dim=\dimen164
\l__coffin_left_corner_dim=\dimen165
\l__coffin_right_corner_dim=\dimen166
\l__coffin_bottom_corner_dim=\dimen167
\l__coffin_top_corner_dim=\dimen168
\l__coffin_scaled_total_height_dim=\dimen169
\l__coffin_scaled_width_dim=\dimen170
)
(/usr/share/texlive/texmf-dist/tex/latex/l3kernel/l3pdfmode.def
File: l3pdfmode.def 2017/03/18 v L3 Experimental driver: PDF mode
\l__driver_color_stack_int=\count188
\l__driver_tmp_box=\box59
))
Package: l3keys2e 2017/09/18 LaTeX2e option processing using LaTeX3 keys
)(load luc: /home/taiki/.texlive2017/texmf-var/luatex-cache/generic/fonts/otl/lm
roman17-regular.luc)
LaTeX Font Info:    Font shape `JT3/mc/m/n' will be
(Font)              scaled to size 15.39551pt on input line 14.
luaotfload | aux : font no 28 (nil) does not define feature vrt2 for script dflt
 with language dflt
luaotfload | aux : no font with id 28
LaTeX Font Info:    Font shape `JY3/mc/m/n' will be
(Font)              scaled to size 15.39551pt on input line 14.
 (/usr/share/texlive/texmf-dist/tex/latex/fontspec/fontspec.sty
(/usr/share/texlive/texmf-dist/tex/latex/l3packages/xparse/xparse.sty
Package: xparse 2017/09/18 L3 Experimental document command parser
\l__xparse_current_arg_int=\count189
\g__xparse_grabber_int=\count190
\l__xparse_m_args_int=\count191
\l__xparse_mandatory_args_int=\count192
\l__xparse_v_nesting_int=\count193
)
Package: fontspec 2017/09/22 v2.6e Font selection for XeLaTeX and LuaLaTeX
Lua module: fontspec 2017/09/27 2.6e Font selection for XeLaTeX and LuaLaTeX
(/usr/share/texlive/texmf-dist/tex/latex/fontspec/fontspec-luatex.sty
Package: fontspec-luatex 2017/09/22 v2.6e Font selection for XeLaTeX and LuaLaTe
X
\l__fontspec_script_int=\count194
\l__fontspec_language_int=\count195
\l__fontspec_strnum_int=\count196
\l__fontspec_tmp_int=\count197
\l__fontspec_em_int=\count198
\l__fontspec_emdef_int=\count199
\l__fontspec_strong_int=\count266
\l__fontspec_strongdef_int=\count267
\l__fontspec_tmpa_dim=\dimen171
\l__fontspec_tmpb_dim=\dimen172
\l__fontspec_tmpc_dim=\dimen173
\g__file_internal_ior=\read1

(/usr/share/texlive/texmf-dist/tex/latex/base/fontenc.sty
Package: fontenc 2017/04/05 v2.0i Standard LaTeX package

(/usr/share/texlive/texmf-dist/tex/latex/base/tuenc.def
File: tuenc.def 2017/04/05 v2.0i Standard LaTeX file
LaTeX Font Info:    Redeclaring font encoding TU on input line 82.
)
LaTeX Font Info:    Font shape `JY3/mc/m/n' will be
(Font)              scaled to size 9.6222pt on input line 105.
)
.................................................
. LaTeX info: "xparse/define-command"
. 
. Defining command \fontspec with sig. 'O{}mO{}' on line 482.
.................................................
.................................................
. LaTeX info: "xparse/define-command"
. 
. Defining command \setmainfont with sig. 'O{}mO{}' on line 486.
.................................................
.................................................
. LaTeX info: "xparse/define-command"
. 
. Defining command \setsansfont with sig. 'O{}mO{}' on line 490.
.................................................
.................................................
. LaTeX info: "xparse/define-command"
. 
. Defining command \setmonofont with sig. 'O{}mO{}' on line 494.
.................................................
.................................................
. LaTeX info: "xparse/define-command"
. 
. Defining command \setmathrm with sig. 'O{}mO{}' on line 498.
.................................................
.................................................
. LaTeX info: "xparse/define-command"
. 
. Defining command \setboldmathrm with sig. 'O{}mO{}' on line 502.
.................................................
.................................................
. LaTeX info: "xparse/define-command"
. 
. Defining command \setmathsf with sig. 'O{}mO{}' on line 506.
.................................................
.................................................
. LaTeX info: "xparse/define-command"
. 
. Defining command \setmathtt with sig. 'O{}mO{}' on line 510.
.................................................
.................................................
. LaTeX info: "xparse/define-command"
. 
. Defining command \setromanfont with sig. 'O{}mO{}' on line 514.
.................................................
.................................................
. LaTeX info: "xparse/define-command"
. 
. Defining command \newfontfamily with sig. 'mO{}mO{}' on line 518.
.................................................
.................................................
. LaTeX info: "xparse/define-command"
. 
. Defining command \newfontface with sig. 'mO{}mO{}' on line 522.
.................................................
.................................................
. LaTeX info: "xparse/define-command"
. 
. Defining command \defaultfontfeatures with sig. 't+om' on line 526.
.................................................
.................................................
. LaTeX info: "xparse/define-command"
. 
. Defining command \addfontfeatures with sig. 'm' on line 530.
.................................................
.................................................
. LaTeX info: "xparse/define-command"
. 
. Defining command \addfontfeature with sig. 'm' on line 534.
.................................................
.................................................
. LaTeX info: "xparse/define-command"
. 
. Defining command \newfontfeature with sig. 'mm' on line 538.
.................................................
.................................................
. LaTeX info: "xparse/define-command"
. 
. Defining command \newAATfeature with sig. 'mmmm' on line 542.
.................................................
.................................................
. LaTeX info: "xparse/define-command"
. 
. Defining command \newopentypefeature with sig. 'mmm' on line 546.
.................................................
.................................................
. LaTeX info: "xparse/define-command"
. 
. Defining command \newICUfeature with sig. 'mmm' on line 550.
.................................................
.................................................
. LaTeX info: "xparse/define-command"
. 
. Defining command \aliasfontfeature with sig. 'mm' on line 554.
.................................................
.................................................
. LaTeX info: "xparse/define-command"
. 
. Defining command \aliasfontfeatureoption with sig. 'mmm' on line 558.
.................................................
.................................................
. LaTeX info: "xparse/define-command"
. 
. Defining command \newfontscript with sig. 'mm' on line 562.
.................................................
.................................................
. LaTeX info: "xparse/define-command"
. 
. Defining command \newfontlanguage with sig. 'mm' on line 566.
.................................................
.................................................
. LaTeX info: "xparse/define-command"
. 
. Defining command \DeclareFontsExtensions with sig. 'm' on line 570.
.................................................
.................................................
. LaTeX info: "xparse/define-command"
. 
. Defining command \IfFontFeatureActiveTF with sig. 'mmm' on line 574.
.................................................
.................................................
. LaTeX info: "xparse/define-command"
. 
. Defining command \EncodingCommand with sig. 'mO{}m' on line 3284.
.................................................
.................................................
. LaTeX info: "xparse/define-command"
. 
. Defining command \EncodingAccent with sig. 'mm' on line 3290.
.................................................
.................................................
. LaTeX info: "xparse/define-command"
. 
. Defining command \EncodingSymbol with sig. 'mm' on line 3296.
.................................................
.................................................
. LaTeX info: "xparse/define-command"
. 
. Defining command \EncodingComposite with sig. 'mmm' on line 3302.
.................................................
.................................................
. LaTeX info: "xparse/define-command"
. 
. Defining command \EncodingCompositeCommand with sig. 'mmm' on line 3308.
.................................................
.................................................
. LaTeX info: "xparse/define-command"
. 
. Defining command \DeclareUnicodeEncoding with sig. 'mm' on line 3333.
.................................................
.................................................
. LaTeX info: "xparse/define-command"
. 
. Defining command \UndeclareSymbol with sig. 'm' on line 3339.
.................................................
.................................................
. LaTeX info: "xparse/define-command"
. 
. Defining command \UndeclareComposite with sig. 'mm' on line 3347.
.................................................

(/usr/share/texlive/texmf-dist/tex/latex/fontspec/fontspec.cfg)
LaTeX Info: Redefining \itshape on input line 3525.
LaTeX Info: Redefining \slshape on input line 3530.
LaTeX Info: Redefining \scshape on input line 3535.
LaTeX Info: Redefining \upshape on input line 3540.
LaTeX Info: Redefining \em on input line 3570.
LaTeX Info: Redefining \emph on input line 3595.
(load luc: /home/taiki/.texlive2017/texmf-var/luatex-cache/generic/fonts/otl/lmr
oman10-bold.luc)
LaTeX Font Info:    Font shape `JT3/mc/bx/n' in size <10> not available
(Font)              Font shape `JT3/gt/m/n' tried instead on input line 3644.
LaTeX Font Info:    Font shape `JT3/gt/m/n' will be
(Font)              scaled to size 9.6222pt on input line 3644.
(load luc: /home/taiki/.texlive2017/texmf-var/luatex-cache/generic/fonts/otl/ipa
exg.luc)(load cache: /home/taiki/.texlive2017/texmf-var/luatexja/extra_ipaexgoth
ic.luc)
luaotfload | aux : font no 31 (nil) does not define feature vrt2 for script dflt
 with language dflt
luaotfload | aux : no font with id 31
LaTeX Font Info:    Font shape `JY3/mc/bx/n' in size <10> not available
(Font)              Font shape `JY3/gt/m/n' tried instead on input line 3644.
LaTeX Font Info:    Font shape `JY3/gt/m/n' will be
(Font)              scaled to size 9.6222pt on input line 3644.
(load luc: /home/taiki/.texlive2017/texmf-var/luatex-cache/generic/fonts/otl/lmr
oman10-italic.luc)

LaTeX Font Warning: Font shape `JT3/mc/m/it' undefined
(Font)              using `JT3/mc/m/n' instead on input line 3645.


LaTeX Font Warning: Font shape `JY3/mc/m/it' undefined
(Font)              using `JY3/mc/m/n' instead on input line 3645.

LaTeX Info: Redefining \- on input line 3646.
.................................................
. LaTeX info: "xparse/redefine-command"
. 
. Redefining command \oldstylenums with sig. 'm' on line 3741.
.................................................
.................................................
. LaTeX info: "xparse/define-command"
. 
. Defining command \liningnums with sig. 'm' on line 3745.
.................................................
))
(/usr/share/texlive/texmf-dist/tex/luatex/luatexja/patches/lltjp-fontspec-immed
iate.sty
.................................................
. LaTeX info: "xparse/redefine-command"
. 
. Redefining command \setmainfont with sig. 'O{}mO{}' on line 65.
.................................................
.................................................
. LaTeX info: "xparse/redefine-command"
. 
. Redefining command \setsansfont with sig. 'O{}mO{}' on line 65.
.................................................
.................................................
. LaTeX info: "xparse/redefine-command"
. 
. Redefining command \setmonofont with sig. 'O{}mO{}' on line 65.
.................................................
)
(/usr/share/texlive/texmf-dist/tex/luatex/luatexja/addons/luatexja-fontspec-25c
.sty
Package: luatexja-fontspec-25c 2017/05/05 fontspec support of LuaTeX-ja
\g_ltj_fontspec_altnumber_int=\count268
.................................................
. LaTeX info: "xparse/define-command"
. 
. Defining command \jfontspec with sig. 'O{}mO{}' on line 280.
.................................................
.................................................
. LaTeX info: "xparse/define-command"
. 
. Defining command \setmainjfont with sig. 'O{}mO{}' on line 287.
.................................................
.................................................
. LaTeX info: "xparse/define-command"
. 
. Defining command \setsansjfont with sig. 'O{}mO{}' on line 293.
.................................................
.................................................
. LaTeX info: "xparse/define-command"
. 
. Defining command \newjfontfamily with sig. 'mO{}mO{}' on line 299.
.................................................
.................................................
. LaTeX info: "xparse/define-command"
. 
. Defining command \newjfontface with sig. 'mO{}mO{}' on line 303.
.................................................
.................................................
. LaTeX info: "xparse/define-command"
. 
. Defining command \defaultjfontfeatures with sig. 't+om' on line 313.
.................................................
.................................................
. LaTeX info: "xparse/define-command"
. 
. Defining command \addjfontfeatures with sig. 'm' on line 344.
.................................................
)) (/usr/share/texlive/texmf-dist/tex/latex/unicode-math/unicode-math.sty
Package: unicode-math 2017/08/02 v0.8f Unicode maths in XeLaTeX and LuaLaTeX

(/usr/share/texlive/texmf-dist/tex/latex/ucharcat/ucharcat.sty
Package: ucharcat 2015/11/19 v0.03 ucharcat for luaLaTeX (DPC)
\ucharcat@table=\catcodetable9
)
(/usr/share/texlive/texmf-dist/tex/latex/base/fix-cm.sty
Package: fix-cm 2015/01/14 v1.1t fixes to LaTeX

(/usr/share/texlive/texmf-dist/tex/latex/base/ts1enc.def
File: ts1enc.def 2001/06/05 v3.0e (jk/car/fm) Standard LaTeX file
))
\g__um_fam_int=\count269
\g__um_primekern_muskip=\muskip16
\l__um_primecount_int=\count270
.................................................
. LaTeX info: "xparse/define-command"
. 
. Defining command \unimathsetup with sig. 'm' on line 166.
.................................................

(/usr/share/texlive/texmf-dist/tex/latex/unicode-math/unicode-math-luatex.sty
(/usr/share/texlive/texmf-dist/tex/lualatex/lualatex-math/lualatex-math.sty
Package: lualatex-math 2017/06/15 v1.7 Patches for mathematics typesetting with 
LuaLaTeX
Lua module: lualatex-math 2013/08/03 1.3 Patches for mathematics typesetting wit
h LuaLaTeX)
.................................................
. LaTeX info: "xparse/define-command"
. 
. Defining command \setmathfontface with sig. 'mO{}mO{}' on line 169.
.................................................
.................................................
. LaTeX info: "xparse/define-command"
. 
. Defining command \setoperatorfont with sig. 'm' on line 173.
.................................................
.................................................
. LaTeX info: "xparse/define-command"
. 
. Defining command \setmathfont with sig. 'O{}mO{}' on line 282.
.................................................
.................................................
. LaTeX info: "xparse/define-command"
. 
. Defining command \addnolimits with sig. 'm' on line 525.
.................................................
.................................................
. LaTeX info: "xparse/define-command"
. 
. Defining command \removenolimits with sig. 'm' on line 529.
.................................................

(/usr/share/texlive/texmf-dist/tex/latex/unicode-math/unicode-math-table.tex))) (/usr/share/texlive/texmf-dist/tex/latex/graphics/graphicx.sty
Package: graphicx 2017/06/01 v1.1a Enhanced LaTeX Graphics (DPC,SPQR)

(/usr/share/texlive/texmf-dist/tex/latex/graphics/graphics.sty
Package: graphics 2017/06/25 v1.2c Standard LaTeX Graphics (DPC,SPQR)

(/usr/share/texlive/texmf-dist/tex/latex/graphics/trig.sty
Package: trig 2016/01/03 v1.10 sin cos tan (DPC)
)
(/usr/share/texlive/texmf-dist/tex/latex/graphics-cfg/graphics.cfg
File: graphics.cfg 2016/06/04 v1.11 sample graphics configuration
)
Package graphics Info: Driver file: luatex.def on input line 99.

(/usr/share/texlive/texmf-dist/tex/latex/graphics-def/luatex.def
File: luatex.def 2017/06/24 v1.0f Graphics/color driver for luatex
))
\Gin@req@height=\dimen174
\Gin@req@width=\dimen175
)
(/usr/share/texlive/texmf-dist/tex/latex/xcolor/xcolor.sty
Package: xcolor 2016/05/11 v2.12 LaTeX color extensions (UK)

(/usr/share/texlive/texmf-dist/tex/latex/graphics-cfg/color.cfg
File: color.cfg 2016/01/02 v1.6 sample color configuration
)
Package xcolor Info: Driver file: luatex.def on input line 225.
Package xcolor Info: Model `cmy' substituted by `cmy0' on input line 1348.
Package xcolor Info: Model `hsb' substituted by `rgb' on input line 1352.
Package xcolor Info: Model `RGB' extended on input line 1364.
Package xcolor Info: Model `HTML' substituted by `rgb' on input line 1366.
Package xcolor Info: Model `Hsb' substituted by `hsb' on input line 1367.
Package xcolor Info: Model `tHsb' substituted by `hsb' on input line 1368.
Package xcolor Info: Model `HSB' substituted by `hsb' on input line 1369.
Package xcolor Info: Model `Gray' substituted by `gray' on input line 1370.
Package xcolor Info: Model `wave' substituted by `hsb' on input line 1371.
)
(/usr/share/texlive/texmf-dist/tex/latex/amsmath/amsmath.sty
Package: amsmath 2017/09/02 v2.17a AMS math features
\@mathmargin=\skip53

For additional information on amsmath, use the `?' option.
(/usr/share/texlive/texmf-dist/tex/latex/amsmath/amstext.sty
Package: amstext 2000/06/29 v2.01 AMS text

(/usr/share/texlive/texmf-dist/tex/latex/amsmath/amsgen.sty
File: amsgen.sty 1999/11/30 v2.0 generic functions
\@emptytoks=\toks26
\ex@=\dimen176
))
(/usr/share/texlive/texmf-dist/tex/latex/amsmath/amsbsy.sty
Package: amsbsy 1999/11/29 v1.2d Bold Symbols
\pmbraise@=\dimen177
)
(/usr/share/texlive/texmf-dist/tex/latex/amsmath/amsopn.sty
Package: amsopn 2016/03/08 v2.02 operator names
)
\inf@bad=\count271
LaTeX Info: Redefining \frac on input line 213.
\uproot@=\count272
\leftroot@=\count273
LaTeX Info: Redefining \overline on input line 375.
\classnum@=\count274
\DOTSCASE@=\count275
LaTeX Info: Redefining \ldots on input line 472.
LaTeX Info: Redefining \dots on input line 475.
LaTeX Info: Redefining \cdots on input line 596.
\Mathstrutbox@=\box60
\strutbox@=\box61
\big@size=\dimen178
LaTeX Font Info:    Redeclaring font encoding OML on input line 712.
LaTeX Font Info:    Redeclaring font encoding OMS on input line 713.


Package amsmath Warning: Unable to redefine math accent \mathring.

\macc@depth=\count276
\c@MaxMatrixCols=\count277
\dotsspace@=\muskip17
\c@parentequation=\count278
\dspbrk@lvl=\count279
\tag@help=\toks27
\row@=\count280
\column@=\count281
\maxfields@=\count282
\andhelp@=\toks28
\eqnshift@=\dimen179
\alignsep@=\dimen180
\tagshift@=\dimen181
\tagwidth@=\dimen182
\totwidth@=\dimen183
\lineht@=\dimen184
\@envbody=\toks29
\multlinegap=\skip54
\multlinetaggap=\skip55
\mathdisplay@stack=\toks30
LaTeX Info: Redefining \[ on input line 2817.
LaTeX Info: Redefining \] on input line 2818.
)
.................................................
. unicode-math info: "patch-macro"
. 
. I'm going to patch macro \plainroot@.
.................................................
.................................................
. unicode-math info: "patch-macro"
. 
. I'm going to patch macro \r@@t.
.................................................
.................................................
. lualatex-math info: "patch-macro"
. 
. I'm going to patch macro \subarray.
.................................................
.................................................
. lualatex-math info: "patch-macro"
. 
. I'm going to patch macro \frac .
.................................................
.................................................
. lualatex-math info: "patch-macro"
. 
. I'm going to patch macro \genfrac .
.................................................
 (/usr/share/texlive/texmf-dist/tex/latex/cite/cite.sty
LaTeX Info: Redefining \cite on input line 302.
LaTeX Info: Redefining \nocite on input line 332.
Package: cite 2015/02/27  v 5.5
)
(/usr/share/texlive/texmf-dist/tex/platex/base/ascmac.sty
Package: ascmac 2017/07/22 v2.0d ascmac wrapper (community edition) 

(/usr/share/texlive/texmf-dist/tex/platex/base/tascmac.sty
Package: tascmac 2017/07/22 v2.0d ascmac package (community edition) 
Package tascmac Info: Patch from LuaTeX-ja will be applied on input line 44.
\@savetbaselineshift=\dimen185
\@saveybaselineshift=\dimen186
\scb@x=\box62
\scscb@x=\box63
\@bw=\dimen187
\@nbox=\box64
\@nbody=\box65
\@scw=\dimen188
\@itemh=\dimen189
\@iboxpos=\toks31
\@iboxstr=\box66
\@bwsp=\box67
\@@bwsp=\box68
\@bcal=\count283
\shaderule=\dimen190
))
(/usr/share/texlive/texmf-dist/tex/latex/amsfonts/amsfonts.sty
Package: amsfonts 2013/01/14 v3.01 Basic AMSFonts support
\symAMSa=\mathgroup5
\symAMSb=\mathgroup6
)
(/usr/share/texlive/texmf-dist/tex/latex/listings/listings.sty
\lst@mode=\count284
\lst@gtempboxa=\box69
\lst@token=\toks32
\lst@length=\count285
\lst@currlwidth=\dimen191
\lst@column=\count286
\lst@pos=\count287
\lst@lostspace=\dimen192
\lst@width=\dimen193
\lst@newlines=\count288
\lst@lineno=\count289
\lst@maxwidth=\dimen194

(/usr/share/texlive/texmf-dist/tex/latex/listings/lstmisc.sty
File: lstmisc.sty 2015/06/04 1.6 (Carsten Heinz)
\c@lstnumber=\count290
\lst@skipnumbers=\count291
\lst@framebox=\box70
)
(/usr/share/texlive/texmf-dist/tex/latex/listings/listings.cfg
File: listings.cfg 2015/06/04 1.6 listings configuration
))
Package: listings 2015/06/04 1.6 (Carsten Heinz)

(/usr/share/texlive/texmf-dist/tex/latex/listings/lstlang1.sty
File: lstlang1.sty 2015/06/04 1.6 listings language file
) (./shulon.aux)
\openout1 = shulon.aux

LaTeX Font Info:    Checking defaults for OML/cmm/m/it on input line 33.
LaTeX Font Info:    ... okay on input line 33.
LaTeX Font Info:    Checking defaults for T1/cmr/m/n on input line 33.
LaTeX Font Info:    ... okay on input line 33.
LaTeX Font Info:    Checking defaults for OT1/cmr/m/n on input line 33.
LaTeX Font Info:    ... okay on input line 33.
LaTeX Font Info:    Checking defaults for OMS/cmsy/m/n on input line 33.
LaTeX Font Info:    ... okay on input line 33.
LaTeX Font Info:    Checking defaults for TU/lmr/m/n on input line 33.
LaTeX Font Info:    ... okay on input line 33.
LaTeX Font Info:    Checking defaults for OMX/cmex/m/n on input line 33.
LaTeX Font Info:    ... okay on input line 33.
LaTeX Font Info:    Checking defaults for U/cmr/m/n on input line 33.
LaTeX Font Info:    ... okay on input line 33.
LaTeX Font Info:    Checking defaults for JY3/mc/m/n on input line 33.
LaTeX Font Info:    ... okay on input line 33.
LaTeX Font Info:    Checking defaults for JT3/mc/m/n on input line 33.
LaTeX Font Info:    ... okay on input line 33.
LaTeX Font Info:    Checking defaults for TS1/cmr/m/n on input line 33.
LaTeX Font Info:    ... okay on input line 33.

(/usr/share/texlive/texmf-dist/tex/luatex/luatexja/patches/lltjp-tascmac.sty

LaTeX Warning: You have requested package `',
               but the package provides `lltjp-tascmac'.

Package: lltjp-tascmac 2017/05/05 Patch to (t)ascmac for LuaTeX-ja
{/var/lib/texmf/fonts/map/pdftex/updmap/pdftex.map})
(/usr/share/texlive/texmf-dist/tex/luatex/luatexja/patches/lltjp-tascmac.sty
Package: lltjp-tascmac 2017/05/05 Patch to (t)ascmac for LuaTeX-ja

warning  (map file): entry for 'ascgrp' already exists, duplicates ignored
) (/usr/share/texlive/texmf-dist/tex/luatex/luatexja/patches/lltjp-fontspec.sty
Package: lltjp-fontspec 2017/08/07 Patch to fontspec for LuaTeX-ja
)
(/usr/share/texlive/texmf-dist/tex/luatex/luatexja/patches/lltjp-unicode-math.s
ty
Package: lltjp-unicode-math 2017/05/05 Patch to unicode-math for LuaTeX-ja
)
(/usr/share/texlive/texmf-dist/tex/luatex/luatexja/patches/lltjp-listings.sty
Package: lltjp-listings 2017/05/05 Patch to listings for LuaTeX-ja

(/usr/share/texlive/texmf-dist/tex/luatex/luatexbase/luatexbase-cctb.sty
Package: luatexbase-cctb 2015/10/04 v1.3 luatexbase interface to LuaTeX (legacy 
subpackage) 
)
\CatcodeTableLTJlistings=\catcodetable10
\ltj@lst@frame@lslimit=\dimen195

(/usr/share/texlive/texmf-dist/tex/latex/listings/lstmisc.sty
File: lstmisc.sty 2015/06/04 1.6 (Carsten Heinz)
\lst@WFtoken=\toks33
\lst@WF=\write3
))
*geometry* driver: auto-detecting
*geometry* detected driver: pdftex
*geometry* verbose mode - [ preamble ] result:
* driver: pdftex
* paper: a4paper
* layout: <same size as paper>
* layoutoffset:(h,v)=(0.0pt,0.0pt)
* hratio: 1:1
* vratio: 1:1
* modes: includehead includefoot 
* h-part:(L,W,R)=(71.70259pt, 454.10269pt, 71.70259pt)
* v-part:(T,H,B)=(71.8282pt, 701.39043pt, 71.82822pt)
* \paperwidth=597.50787pt
* \paperheight=845.04684pt
* \textwidth=453.10944pt
* \textheight=634.0pt
* \oddsidemargin=-0.07077pt
* \evensidemargin=-0.07077pt
* \topmargin=-5.2045pt
* \headheight=20.0pt
* \headsep=18.45792pt
* \topskip=10.0pt
* \footskip=28.45792pt
* \marginparwidth=18.49426pt
* \marginparsep=18.49426pt
* \columnsep=18.49426pt
* \skip\footins=16.0pt plus 5.0pt minus 2.0pt
* \hoffset=0.0pt
* \voffset=0.0pt
* \mag=1000
* \@twocolumnfalse
* \@twosidefalse
* \@mparswitchfalse
* \@reversemarginfalse
* (1in=72.27pt=25.4mm, 1cm=28.453pt)

ABD: EverySelectfont initializing macros
LaTeX Info: Redefining \selectfont on input line 33.
(load luc: /home/taiki/.texlive2017/texmf-var/luatex-cache/generic/fonts/otl/lat
inmodern-math.luc)
\g__fontspec_family_latinmodern-math.otf_int=\count292
luaotfload | aux : font no 35 (nil) does not define feature smcp for script math
 with language dflt
luaotfload | aux : no font with id 35
luaotfload | aux : font no 35 (nil) does not define feature smcp for script math
 with language dflt
luaotfload | aux : no font with id 35
.................................................
. fontspec info: "defining-font"
. 
. Font family 'latinmodern-math.otf(0)' created for font
. 'latinmodern-math.otf' with options
. [Renderer=Basic,BoldItalicFont={},ItalicFont={},Script=Math,SizeFeatures={{Siz
e=10-},{Size=7-10,Font=latinmodern-math.otf,Style=MathScript},{Size=-7,Font=lati
nmodern-math.otf,Style=MathScriptScript}},BoldFont={latinmodern-math.otf}].
.  
.  This font family consists of the following NFSS series/shapes:
.  
. - 'normal' (m/n) with NFSS spec.:
. <10->"[latinmodern-math.otf]:mode=base;script=math;language=DFLT;"<7-10>"[lati
nmodern-math.otf]:mode=base;script=math;language=DFLT;+ssty=0;"<-7>"[latinmodern
-math.otf]:mode=base;script=math;language=DFLT;+ssty=1;"
. - 'small caps'  (m/sc) with NFSS spec.: 
. - 'bold' (bx/n) with NFSS spec.:
. <->"[latinmodern-math.otf]:mode=base;script=math;language=DFLT;"
. - 'bold small caps'  (bx/sc) with NFSS spec.: 
.................................................
LaTeX Font Info:    Encoding `OT1' has changed to `TU' for symbol font
(Font)              `operators' in the math version `normal' on input line 33.
LaTeX Font Info:    Overwriting symbol font `operators' in version `normal'
(Font)                  OT1/cmr/m/n --> TU/latinmodern-math.otf(0)/m/n on input 
line 33.
LaTeX Font Info:    Encoding `OT1' has changed to `TU' for symbol font
(Font)              `operators' in the math version `bold' on input line 33.
LaTeX Font Info:    Overwriting symbol font `operators' in version `bold'
(Font)                  OT1/cmr/bx/n --> TU/latinmodern-math.otf(0)/bx/n on inpu
t line 33.
luaotfload | aux : font no 35 (nil) does not define feature smcp for script math
 with language dflt
luaotfload | aux : no font with id 35
luaotfload | aux : font no 35 (nil) does not define feature smcp for script math
 with language dflt
luaotfload | aux : no font with id 35
.................................................
. fontspec info: "defining-font"
. 
. Font family 'latinmodern-math.otf(1)' created for font
. 'latinmodern-math.otf' with options
. [Renderer=Basic,BoldItalicFont={},ItalicFont={},Script=Math,SizeFeatures={{Siz
e=10-},{Size=7-10,Font=latinmodern-math.otf,Style=MathScript},{Size=-7,Font=lati
nmodern-math.otf,Style=MathScriptScript}},BoldFont={latinmodern-math.otf},Scale=
1.00001,FontAdjustment={\fontdimen
. 8\font =443678.72sp\relax \fontdimen 9\font =258211.84sp\relax \fontdimen
. 10\font =290979.84sp\relax \fontdimen 11\font =449576.96sp\relax \fontdimen
. 12\font =226099.2sp\relax \fontdimen 13\font =237895.68sp\relax \fontdimen
. 14\font =237895.68sp\relax \fontdimen 15\font =189399.04sp\relax \fontdimen
. 16\font =161873.92sp\relax \fontdimen 17\font =0sp\relax \fontdimen 18\font
. =163840sp\relax \fontdimen 19\font =131072sp\relax \fontdimen 20\font
. =0pt\relax \fontdimen 21\font =0pt\relax \fontdimen 22\font =163840sp\relax
. }].
.  
.  This font family consists of the following NFSS series/shapes:
.  
. - 'normal' (m/n) with NFSS spec.:
. <10->s*[1.00001]"[latinmodern-math.otf]:mode=base;script=math;language=DFLT;"<
7-10>s*[1.00001]"[latinmodern-math.otf]:mode=base;script=math;language=DFLT;+sst
y=0;"<-7>s*[1.00001]"[latinmodern-math.otf]:mode=base;script=math;language=DFLT;
+ssty=1;"
. - 'small caps'  (m/sc) with NFSS spec.: 
. and font adjustment code:
. \fontdimen 8\font =443678.72sp\relax \fontdimen 9\font =258211.84sp\relax
. \fontdimen 10\font =290979.84sp\relax \fontdimen 11\font =449576.96sp\relax
. \fontdimen 12\font =226099.2sp\relax \fontdimen 13\font =237895.68sp\relax
. \fontdimen 14\font =237895.68sp\relax \fontdimen 15\font =189399.04sp\relax
. \fontdimen 16\font =161873.92sp\relax \fontdimen 17\font =0sp\relax
. \fontdimen 18\font =163840sp\relax \fontdimen 19\font =131072sp\relax
. \fontdimen 20\font =0pt\relax \fontdimen 21\font =0pt\relax \fontdimen
. 22\font =163840sp\relax 
. - 'bold' (bx/n) with NFSS spec.:
. <->s*[1.00001]"[latinmodern-math.otf]:mode=base;script=math;language=DFLT;"
. - 'bold small caps'  (bx/sc) with NFSS spec.: 
. and font adjustment code:
. \fontdimen 8\font =443678.72sp\relax \fontdimen 9\font =258211.84sp\relax
. \fontdimen 10\font =290979.84sp\relax \fontdimen 11\font =449576.96sp\relax
. \fontdimen 12\font =226099.2sp\relax \fontdimen 13\font =237895.68sp\relax
. \fontdimen 14\font =237895.68sp\relax \fontdimen 15\font =189399.04sp\relax
. \fontdimen 16\font =161873.92sp\relax \fontdimen 17\font =0sp\relax
. \fontdimen 18\font =163840sp\relax \fontdimen 19\font =131072sp\relax
. \fontdimen 20\font =0pt\relax \fontdimen 21\font =0pt\relax \fontdimen
. 22\font =163840sp\relax 
.................................................
LaTeX Font Info:    Encoding `OMS' has changed to `TU' for symbol font
(Font)              `symbols' in the math version `normal' on input line 33.
LaTeX Font Info:    Overwriting symbol font `symbols' in version `normal'
(Font)                  OMS/cmsy/m/n --> TU/latinmodern-math.otf(1)/m/n on input
 line 33.
LaTeX Font Info:    Encoding `OMS' has changed to `TU' for symbol font
(Font)              `symbols' in the math version `bold' on input line 33.
LaTeX Font Info:    Overwriting symbol font `symbols' in version `bold'
(Font)                  OMS/cmsy/b/n --> TU/latinmodern-math.otf(1)/bx/n on inpu
t line 33.
luaotfload | aux : font no 35 (nil) does not define feature smcp for script math
 with language dflt
luaotfload | aux : no font with id 35
luaotfload | aux : font no 35 (nil) does not define feature smcp for script math
 with language dflt
luaotfload | aux : no font with id 35
.................................................
. fontspec info: "defining-font"
. 
. Font family 'latinmodern-math.otf(2)' created for font
. 'latinmodern-math.otf' with options
. [Renderer=Basic,BoldItalicFont={},ItalicFont={},Script=Math,SizeFeatures={{Siz
e=10-},{Size=7-10,Font=latinmodern-math.otf,Style=MathScript},{Size=-7,Font=lati
nmodern-math.otf,Style=MathScriptScript}},BoldFont={latinmodern-math.otf},Scale=
0.99999,FontAdjustment={\fontdimen
. 8\font =26214.4sp\relax \fontdimen 9\font =131072sp\relax \fontdimen 10\font
. =109445.12sp\relax \fontdimen 11\font =72744.96sp\relax \fontdimen 12\font
. =393216sp\relax \fontdimen 13\font =0pt\relax }].
.  
.  This font family consists of the following NFSS series/shapes:
.  
. - 'normal' (m/n) with NFSS spec.:
. <10->s*[0.99999]"[latinmodern-math.otf]:mode=base;script=math;language=DFLT;"<
7-10>s*[0.99999]"[latinmodern-math.otf]:mode=base;script=math;language=DFLT;+sst
y=0;"<-7>s*[0.99999]"[latinmodern-math.otf]:mode=base;script=math;language=DFLT;
+ssty=1;"
. - 'small caps'  (m/sc) with NFSS spec.: 
. and font adjustment code:
. \fontdimen 8\font =26214.4sp\relax \fontdimen 9\font =131072sp\relax
. \fontdimen 10\font =109445.12sp\relax \fontdimen 11\font =72744.96sp\relax
. \fontdimen 12\font =393216sp\relax \fontdimen 13\font =0pt\relax 
. - 'bold' (bx/n) with NFSS spec.:
. <->s*[0.99999]"[latinmodern-math.otf]:mode=base;script=math;language=DFLT;"
. - 'bold small caps'  (bx/sc) with NFSS spec.: 
. and font adjustment code:
. \fontdimen 8\font =26214.4sp\relax \fontdimen 9\font =131072sp\relax
. \fontdimen 10\font =109445.12sp\relax \fontdimen 11\font =72744.96sp\relax
. \fontdimen 12\font =393216sp\relax \fontdimen 13\font =0pt\relax 
.................................................
LaTeX Font Info:    Encoding `OMX' has changed to `TU' for symbol font
(Font)              `largesymbols' in the math version `normal' on input line 33
.
LaTeX Font Info:    Overwriting symbol font `largesymbols' in version `normal'
(Font)                  OMX/cmex/m/n --> TU/latinmodern-math.otf(2)/m/n on input
 line 33.
LaTeX Font Info:    Encoding `OMX' has changed to `TU' for symbol font
(Font)              `largesymbols' in the math version `bold' on input line 33.
LaTeX Font Info:    Overwriting symbol font `largesymbols' in version `bold'
(Font)                  OMX/cmex/m/n --> TU/latinmodern-math.otf(2)/bx/n on inpu
t line 33.

(/usr/share/texlive/texmf-dist/tex/context/base/mkii/supp-pdf.mkii
[Loading MPS to PDF converter (version 2006.09.02).]
\scratchcounter=\count293
\scratchdimen=\dimen196
\scratchbox=\box71
\nofMPsegments=\count294
\nofMParguments=\count295
\everyMPshowfont=\toks34
\MPscratchCnt=\count296
\MPscratchDim=\dimen197
\MPnumerator=\count297
\makeMPintoPDFobject=\count298
\everyMPtoPDFconversion=\toks35
) (/usr/share/texlive/texmf-dist/tex/latex/oberdiek/epstopdf-base.sty
Package: epstopdf-base 2016/05/15 v2.6 Base part for package epstopdf

(/usr/share/texlive/texmf-dist/tex/latex/oberdiek/grfext.sty
Package: grfext 2016/05/16 v1.2 Manage graphics extensions (HO)

(/usr/share/texlive/texmf-dist/tex/generic/oberdiek/kvdefinekeys.sty
Package: kvdefinekeys 2016/05/16 v1.4 Define keys (HO)
))
(/usr/share/texlive/texmf-dist/tex/latex/oberdiek/kvoptions.sty
Package: kvoptions 2016/05/16 v3.12 Key value format for package options (HO)

(/usr/share/texlive/texmf-dist/tex/generic/oberdiek/kvsetkeys.sty
Package: kvsetkeys 2016/05/16 v1.17 Key value parser (HO)

(/usr/share/texlive/texmf-dist/tex/generic/oberdiek/etexcmds.sty
Package: etexcmds 2016/05/16 v1.6 Avoid name clashes with e-TeX commands (HO)
)))
Package epstopdf-base Info: Redefining graphics rule for `.eps' on input line 43
8.
Package grfext Info: Graphics extension search list:
(grfext)             [.pdf,.png,.jpg,.mps,.jpeg,.jbig2,.jb2,.PDF,.PNG,.JPG,.JPEG
,.JBIG2,.JB2 ,.eps]
(grfext)             \AppendGraphicsExtensions on input line 456.

(/usr/share/texlive/texmf-dist/tex/latex/latexconfig/epstopdf-sys.cfg
File: epstopdf-sys.cfg 2010/07/13 v1.3 Configuration of (r)epstopdf for TeX Live

))
\c@lstlisting=\count299
LaTeX Font Info:    Font shape `JT3/mc/m/n' will be
(Font)              scaled to size 16.62714pt on input line 34.
luaotfload | aux : font no 38 (nil) does not define feature vrt2 for script dflt
 with language dflt
luaotfload | aux : no font with id 38
LaTeX Font Info:    Font shape `JY3/mc/m/n' will be
(Font)              scaled to size 16.62714pt on input line 34.
(load luc: /home/taiki/.texlive2017/texmf-var/luatex-cache/generic/fonts/otl/lmr
oman12-regular.luc)
LaTeX Font Info:    Font shape `JT3/mc/m/n' will be
(Font)              scaled to size 11.54663pt on input line 34.
luaotfload | aux : font no 41 (nil) does not define feature vrt2 for script dflt
 with language dflt
luaotfload | aux : no font with id 41
LaTeX Font Info:    Font shape `JY3/mc/m/n' will be
(Font)              scaled to size 11.54663pt on input line 34.
LaTeX Font Info:    Font shape `TU/latinmodern-math.otf(1)/m/n' will be
(Font)              scaled to size 12.00018pt on input line 34.
LaTeX Font Info:    Font shape `TU/latinmodern-math.otf(1)/m/n' will be
(Font)              scaled to size 8.00012pt on input line 34.
LaTeX Font Info:    Font shape `TU/latinmodern-math.otf(1)/m/n' will be
(Font)              scaled to size 6.00009pt on input line 34.
LaTeX Font Info:    Font shape `TU/latinmodern-math.otf(2)/m/n' will be
(Font)              scaled to size 11.99982pt on input line 34.
LaTeX Font Info:    Font shape `TU/latinmodern-math.otf(2)/m/n' will be
(Font)              scaled to size 7.99988pt on input line 34.
LaTeX Font Info:    Font shape `TU/latinmodern-math.otf(2)/m/n' will be
(Font)              scaled to size 5.99991pt on input line 34.
LaTeX Font Info:    Font shape `JY3/mc/m/n' will be
(Font)              scaled to size 7.69775pt on input line 34.
LaTeX Font Info:    Font shape `JY3/mc/m/n' will be
(Font)              scaled to size 5.77332pt on input line 34.
 [1

](load luc: /home/taiki/.texlive2017/texmf-var/luatex-cache/generic/fonts/otl/lm
sans10-regular.luc)
LaTeX Font Info:    Font shape `JT3/mc/m/n' will be
(Font)              scaled to size 13.85594pt on input line 36.
luaotfload | aux : font no 65 (nil) does not define feature vrt2 for script dflt
 with language dflt
luaotfload | aux : no font with id 65
LaTeX Font Info:    Font shape `JY3/mc/m/n' will be
(Font)              scaled to size 13.85594pt on input line 36.
(load luc: /home/taiki/.texlive2017/texmf-var/luatex-cache/generic/fonts/otl/lms
ans12-regular.luc) (./shulon.toc
LaTeX Font Info:    Font shape `TU/latinmodern-math.otf(1)/m/n' will be
(Font)              scaled to size 10.00015pt on input line 3.
LaTeX Font Info:    Font shape `TU/latinmodern-math.otf(1)/m/n' will be
(Font)              scaled to size 7.0001pt on input line 3.
LaTeX Font Info:    Font shape `TU/latinmodern-math.otf(1)/m/n' will be
(Font)              scaled to size 5.00008pt on input line 3.
LaTeX Font Info:    Font shape `TU/latinmodern-math.otf(2)/m/n' will be
(Font)              scaled to size 9.99985pt on input line 3.
LaTeX Font Info:    Font shape `TU/latinmodern-math.otf(2)/m/n' will be
(Font)              scaled to size 6.9999pt on input line 3.
LaTeX Font Info:    Font shape `TU/latinmodern-math.otf(2)/m/n' will be
(Font)              scaled to size 4.99992pt on input line 3.
LaTeX Font Info:    Font shape `JY3/mc/m/n' will be
(Font)              scaled to size 6.73553pt on input line 3.
LaTeX Font Info:    Font shape `JY3/mc/m/n' will be
(Font)              scaled to size 4.8111pt on input line 3.
 [2])
\tf@toc=\write4

\openout4 = shulon.toc

[3] [4] [5] [6] [7](load luc: /home/taiki/.texlive2017/texmf-var/luatex-cache/ge
neric/fonts/otl/lmroman9-regular.luc)
LaTeX Font Info:    Font shape `JT3/mc/m/n' will be
(Font)              scaled to size 8.65997pt on input line 122.
luaotfload | aux : font no 89 (nil) does not define feature vrt2 for script dflt
 with language dflt
luaotfload | aux : no font with id 89
LaTeX Font Info:    Font shape `JY3/mc/m/n' will be
(Font)              scaled to size 8.65997pt on input line 122.
(load luc: /home/taiki/.texlive2017/texmf-var/luatex-cache/generic/fonts/otl/lmm
ono9-regular.luc)
Removing  `ltj.process_input_buffer' from `process_input_buffer'.
Inserting `ltj.listings_unicode' at position 1 in `process_input_buffer'.
Inserting `ltj.process_input_buffer' at position 2 in `process_input_buffer'. (./samplecode.py(load luc: /home/taiki/.texlive2017/texmf-var/luatex-cache/generic/fonts/otl/lmroman7-regular.luc)
LaTeX Font Info:    Font shape `JT3/mc/m/n' will be
(Font)              scaled to size 6.73553pt on input line 1.
luaotfload | aux : font no 93 (nil) does not define feature vrt2 for script dflt
 with language dflt
luaotfload | aux : no font with id 93
LaTeX Font Info:    Font shape `TU/lmtt/bx/n' in size <9> not available
(Font)              Font shape `TU/lmtt/b/n' tried instead on input line 1.
(load luc: /home/taiki/.texlive2017/texmf-var/luatex-cache/generic/fonts/otl/lmm
onolt10-bold.luc)
LaTeX Font Info:    Font shape `JT3/mc/bx/n' in size <9> not available
(Font)              Font shape `JT3/gt/m/n' tried instead on input line 1.
LaTeX Font Info:    Font shape `JT3/gt/m/n' will be
(Font)              scaled to size 8.65997pt on input line 1.
luaotfload | aux : font no 95 (nil) does not define feature vrt2 for script dflt
 with language dflt
luaotfload | aux : no font with id 95
LaTeX Font Info:    Font shape `JY3/mc/bx/n' in size <9> not available
(Font)              Font shape `JY3/gt/m/n' tried instead on input line 1.
LaTeX Font Info:    Font shape `JY3/gt/m/n' will be
(Font)              scaled to size 8.65997pt on input line 1.
)
Removing  `ltj.listings_unicode' from `process_input_buffer'.
<sample_code.png, id=32, pagebox=cropbox, 462.528pt x 346.896pt>
File: sample_code.png Graphic file (type png)
<use sample_code.png>
Package luatex.def Info: sample_code.png  used on input line 126. on input line 
126.
Package luatex.def Info: Requested size: 227.62204pt x 170.71628pt on input line
 126.
 [8<./sample_code.png>] [9] [10] [11]
Removing  `ltj.process_input_buffer' from `process_input_buffer'.
Inserting `ltj.listings_unicode' at position 1 in `process_input_buffer'.
Inserting `ltj.process_input_buffer' at position 2 in `process_input_buffer'.
(./context_sample.py(load luc: /home/taiki/.texlive2017/texmf-var/luatex-cache/g
eneric/fonts/otl/lmmono10-italic.luc)
LaTeX Font Info:    Font shape `JT3/mc/m/it' will be
(Font)              scaled to size 8.65997pt on input line 6.
luaotfload | aux : font no 89 (nil) does not define feature vrt2 for script dflt
 with language dflt
luaotfload | aux : no font with id 89
LaTeX Font Info:    Font shape `JY3/mc/m/it' will be
(Font)              scaled to size 8.65997pt on input line 6.
)
Removing  `ltj.listings_unicode' from `process_input_buffer'.
Removing  `ltj.process_input_buffer' from `process_input_buffer'.
Inserting `ltj.listings_unicode' at position 1 in `process_input_buffer'.
Inserting `ltj.process_input_buffer' at position 2 in `process_input_buffer'. (./field_sample.py [12])
Removing  `ltj.listings_unicode' from `process_input_buffer'.
Removing  `ltj.process_input_buffer' from `process_input_buffer'.
Inserting `ltj.listings_unicode' at position 1 in `process_input_buffer'.
Inserting `ltj.process_input_buffer' at position 2 in `process_input_buffer'.
(./potential_sample.py [13])
Removing  `ltj.listings_unicode' from `process_input_buffer'.
<STEP.png, id=58, pagebox=cropbox, 462.528pt x 346.896pt>
File: STEP.png Graphic file (type png)
<use STEP.png>
Package luatex.def Info: STEP.png  used on input line 222. on input line 222.
Package luatex.def Info: Requested size: 203.89786pt x 152.92583pt on input line
 222.
<BOX.png, id=59, pagebox=cropbox, 462.528pt x 346.896pt>
File: BOX.png Graphic file (type png)
<use BOX.png>
Package luatex.def Info: BOX.png  used on input line 227. on input line 227.
Package luatex.def Info: Requested size: 203.89786pt x 152.92583pt on input line
 227.
<COMPLEX.png, id=60, pagebox=cropbox, 462.528pt x 346.896pt>
File: COMPLEX.png Graphic file (type png)
<use COMPLEX.png>
Package luatex.def Info: COMPLEX.png  used on input line 232. on input line 232.

Package luatex.def Info: Requested size: 203.89786pt x 152.92583pt on input line
 232.
<SQUARE.png, id=61, pagebox=cropbox, 462.528pt x 346.896pt>
File: SQUARE.png Graphic file (type png)
<use SQUARE.png>
Package luatex.def Info: SQUARE.png  used on input line 237. on input line 237.
Package luatex.def Info: Requested size: 203.89786pt x 152.92583pt on input line
 237.
<Kronig-Penny.png, id=62, pagebox=cropbox, 462.528pt x 346.896pt>
File: Kronig-Penny.png Graphic file (type png)
<use Kronig-Penny.png>
Package luatex.def Info: Kronig-Penny.png  used on input line 242. on input line
 242.
Package luatex.def Info: Requested size: 203.89786pt x 152.92583pt on input line
 242.
<vacuum_and_Kronig-Penny.png, id=63, pagebox=cropbox, 462.528pt x 346.896pt>
File: vacuum_and_Kronig-Penny.png Graphic file (type png)
<use vacuum_and_Kronig-Penny.png>
Package luatex.def Info: vacuum_and_Kronig-Penny.png  used on input line 247. on
 input line 247.
Package luatex.def Info: Requested size: 203.89786pt x 152.92583pt on input line
 247.

Overfull \hbox (2.22pt too wide) in paragraph at lines 220--250
[][]$[]$[] []$[]$[] 
 []


Overfull \hbox (2.22pt too wide) in paragraph at lines 220--250
[][]$[]$[] []$[]$[] 
 []


Overfull \hbox (2.22pt too wide) in paragraph at lines 220--250
[][]$[]$[] []$[]$[] 
 []

[14<./STEP.png><./BOX.png><./COMPLEX.png><./SQUARE.png><./Kronig-Penny.png><./va
cuum_and_Kronig-Penny.png>]
Removing  `ltj.process_input_buffer' from `process_input_buffer'.
Inserting `ltj.listings_unicode' at position 1 in `process_input_buffer'.
Inserting `ltj.process_input_buffer' at position 2 in `process_input_buffer'. (./state_sample.py)
Removing  `ltj.listings_unicode' from `process_input_buffer'.
<GAUSS.png, id=73, pagebox=cropbox, 462.528pt x 346.896pt>
File: GAUSS.png Graphic file (type png)
<use GAUSS.png>
Package luatex.def Info: GAUSS.png  used on input line 262. on input line 262.
Package luatex.def Info: Requested size: 227.62204pt x 170.71628pt on input line
 262.
 [15<./GAUSS.png>] [16]
Removing  `ltj.process_input_buffer' from `process_input_buffer'.
Inserting `ltj.listings_unicode' at position 1 in `process_input_buffer'.
Inserting `ltj.process_input_buffer' at position 2 in `process_input_buffer'.
(./schroedinger_sample.py [17])
Removing  `ltj.listings_unicode' from `process_input_buffer'.
<free_boundary.png, id=85, pagebox=cropbox, 462.528pt x 346.896pt>
File: free_boundary.png Graphic file (type png)
<use free_boundary.png>
Package luatex.def Info: free_boundary.png  used on input line 316. on input lin
e 316.
Package luatex.def Info: Requested size: 203.89786pt x 152.92583pt on input line
 316.
<fix_boundary.png, id=86, pagebox=cropbox, 462.528pt x 346.896pt>
File: fix_boundary.png Graphic file (type png)
<use fix_boundary.png>
Package luatex.def Info: fix_boundary.png  used on input line 322. on input line
 322.
Package luatex.def Info: Requested size: 203.89786pt x 152.92583pt on input line
 322.
<periodic_boundary.png, id=87, pagebox=cropbox, 462.528pt x 346.896pt>
File: periodic_boundary.png Graphic file (type png)
<use periodic_boundary.png>
Package luatex.def Info: periodic_boundary.png  used on input line 328. on input
 line 328.
Package luatex.def Info: Requested size: 203.89786pt x 152.92583pt on input line
 328.
<square_potential.png, id=88, pagebox=cropbox, 462.528pt x 346.896pt>
File: square_potential.png Graphic file (type png)
<use square_potential.png>
Package luatex.def Info: square_potential.png  used on input line 334. on input 
line 334.
Package luatex.def Info: Requested size: 203.89786pt x 152.92583pt on input line
 334.

Overfull \hbox (2.22pt too wide) in paragraph at lines 314--337
[][]$[]$[] []$[]$[] 
 []


Overfull \hbox (2.22pt too wide) in paragraph at lines 314--337
[][]$[]$[] []$[]$[] 
 []

[18<./free_boundary.png><./fix_boundary.png><./periodic_boundary.png><./square_p
otential.png>] [19]
<zhang.png, id=99, pagebox=cropbox, 722.7pt x 722.7pt>
File: zhang.png Graphic file (type png)
<use zhang.png>
Package luatex.def Info: zhang.png  used on input line 382. on input line 382.
Package luatex.def Info: Requested size: 227.62204pt x 227.61862pt on input line
 382.
 [20<./zhang.png>] [21] [22]
<rei.png, id=111, pagebox=cropbox, 462.528pt x 346.896pt>
File: rei.png Graphic file (type png)
<use rei.png>
Package luatex.def Info: rei.png  used on input line 436. on input line 436.
Package luatex.def Info: Requested size: 453.10944pt x 339.84988pt on input line
 436.
LaTeX Font Info:    Font shape `TU/latinmodern-math.otf(1)/m/n' will be
(Font)              scaled to size 9.00014pt on input line 437.
LaTeX Font Info:    Font shape `TU/latinmodern-math.otf(2)/m/n' will be
(Font)              scaled to size 8.99986pt on input line 437.
 [23<./rei.png>]
<zenhansha.png, id=116, pagebox=cropbox, 462.528pt x 346.896pt>
File: zenhansha.png Graphic file (type png)
<use zenhansha.png>
Package luatex.def Info: zenhansha.png  used on input line 460. on input line 46
0.
Package luatex.def Info: Requested size: 227.62204pt x 170.71628pt on input line
 460.
<teitai1.png, id=117, pagebox=cropbox, 462.528pt x 346.896pt>
File: teitai1.png Graphic file (type png)
<use teitai1.png>
Package luatex.def Info: teitai1.png  used on input line 472. on input line 472.

Package luatex.def Info: Requested size: 203.89786pt x 152.92583pt on input line
 472.
<teitai2.png, id=118, pagebox=cropbox, 462.528pt x 346.896pt>
File: teitai2.png Graphic file (type png)
<use teitai2.png>
Package luatex.def Info: teitai2.png  used on input line 478. on input line 478.

Package luatex.def Info: Requested size: 203.89786pt x 152.92583pt on input line
 478.
<teitai3.png, id=119, pagebox=cropbox, 462.528pt x 346.896pt>
File: teitai3.png Graphic file (type png)
<use teitai3.png>
Package luatex.def Info: teitai3.png  used on input line 484. on input line 484.

Package luatex.def Info: Requested size: 203.89786pt x 152.92583pt on input line
 484.
<teitai4.png, id=120, pagebox=cropbox, 462.528pt x 346.896pt>
File: teitai4.png Graphic file (type png)
<use teitai4.png>
Package luatex.def Info: teitai4.png  used on input line 490. on input line 490.

Package luatex.def Info: Requested size: 203.89786pt x 152.92583pt on input line
 490.

Overfull \hbox (2.22pt too wide) in paragraph at lines 470--494
[][]$[]$[] []$[]$[] 
 []


Overfull \hbox (2.22pt too wide) in paragraph at lines 470--494
[][]$[]$[] []$[]$[] 
 []

[24<./zenhansha.png>] [25<./teitai1.png><./teitai2.png><./teitai3.png><./teitai4
.png>]
<hako_short.png, id=133, pagebox=cropbox, 462.528pt x 346.896pt>
File: hako_short.png Graphic file (type png)
<use hako_short.png>
Package luatex.def Info: hako_short.png  used on input line 504. on input line 5
04.
Package luatex.def Info: Requested size: 284.52756pt x 213.40593pt on input line
 504.
<hako_long.png, id=134, pagebox=cropbox, 462.528pt x 346.896pt>
File: hako_long.png Graphic file (type png)
<use hako_long.png>
Package luatex.def Info: hako_long.png  used on input line 511. on input line 51
1.
Package luatex.def Info: Requested size: 284.52756pt x 213.40593pt on input line
 511.
 [26<./hako_short.png><./hako_long.png>]
<hako_in.png, id=140, pagebox=cropbox, 462.528pt x 346.896pt>
File: hako_in.png Graphic file (type png)
<use hako_in.png>
Package luatex.def Info: hako_in.png  used on input line 521. on input line 521.

Package luatex.def Info: Requested size: 284.52756pt x 213.40593pt on input line
 521.
<tajuhan1.png, id=141, pagebox=cropbox, 462.528pt x 346.896pt>
File: tajuhan1.png Graphic file (type png)
<use tajuhan1.png>
Package luatex.def Info: tajuhan1.png  used on input line 537. on input line 537
.
Package luatex.def Info: Requested size: 203.89786pt x 152.92583pt on input line
 537.
<tajuhan2.png, id=142, pagebox=cropbox, 462.528pt x 346.896pt>
File: tajuhan2.png Graphic file (type png)
<use tajuhan2.png>
Package luatex.def Info: tajuhan2.png  used on input line 543. on input line 543
.
Package luatex.def Info: Requested size: 203.89786pt x 152.92583pt on input line
 543.
<tajuhan3.png, id=143, pagebox=cropbox, 462.528pt x 346.896pt>
File: tajuhan3.png Graphic file (type png)
<use tajuhan3.png>
Package luatex.def Info: tajuhan3.png  used on input line 549. on input line 549
.
Package luatex.def Info: Requested size: 203.89786pt x 152.92583pt on input line
 549.
<tajuhan4.png, id=144, pagebox=cropbox, 462.528pt x 346.896pt>
File: tajuhan4.png Graphic file (type png)
<use tajuhan4.png>
Package luatex.def Info: tajuhan4.png  used on input line 554. on input line 554
.
Package luatex.def Info: Requested size: 203.89786pt x 152.92583pt on input line
 554.

Overfull \hbox (2.22pt too wide) in paragraph at lines 535--557
[][]$[]$[] []$[]$[] 
 []


Overfull \hbox (2.22pt too wide) in paragraph at lines 535--557
[][]$[]$[] []$[]$[] 
 []

[27<./hako_in.png>]
<tajushin1.png, id=149, pagebox=cropbox, 462.528pt x 346.896pt>
File: tajushin1.png Graphic file (type png)
<use tajushin1.png>
Package luatex.def Info: tajushin1.png  used on input line 569. on input line 56
9.
Package luatex.def Info: Requested size: 203.89786pt x 152.92583pt on input line
 569.
<tajushin2.png, id=150, pagebox=cropbox, 462.528pt x 346.896pt>
File: tajushin2.png Graphic file (type png)
<use tajushin2.png>
Package luatex.def Info: tajushin2.png  used on input line 575. on input line 57
5.
Package luatex.def Info: Requested size: 203.89786pt x 152.92583pt on input line
 575.
<tajushin3.png, id=151, pagebox=cropbox, 462.528pt x 346.896pt>
File: tajushin3.png Graphic file (type png)
<use tajushin3.png>
Package luatex.def Info: tajushin3.png  used on input line 581. on input line 58
1.
Package luatex.def Info: Requested size: 203.89786pt x 152.92583pt on input line
 581.
<tajushin4.png, id=152, pagebox=cropbox, 462.528pt x 346.896pt>
File: tajushin4.png Graphic file (type png)
<use tajushin4.png>
Package luatex.def Info: tajushin4.png  used on input line 587. on input line 58
7.
Package luatex.def Info: Requested size: 203.89786pt x 152.92583pt on input line
 587.

Overfull \hbox (2.22pt too wide) in paragraph at lines 567--591
[][]$[]$[] []$[]$[] 
 []


Overfull \hbox (2.22pt too wide) in paragraph at lines 567--591
[][]$[]$[] []$[]$[] 
 []

[28<./tajuhan1.png><./tajuhan2.png><./tajuhan3.png><./tajuhan4.png>] [29<./tajus
hin1.png><./tajushin2.png><./tajushin3.png><./tajushin4.png>]
<bunretsu1.png, id=167, pagebox=cropbox, 462.528pt x 346.896pt>
File: bunretsu1.png Graphic file (type png)
<use bunretsu1.png>
Package luatex.def Info: bunretsu1.png  used on input line 601. on input line 60
1.
Package luatex.def Info: Requested size: 203.89786pt x 152.92583pt on input line
 601.
<bunretsu2.png, id=168, pagebox=cropbox, 462.528pt x 346.896pt>
File: bunretsu2.png Graphic file (type png)
<use bunretsu2.png>
Package luatex.def Info: bunretsu2.png  used on input line 607. on input line 60
7.
Package luatex.def Info: Requested size: 203.89786pt x 152.92583pt on input line
 607.
<bunretsu3.png, id=169, pagebox=cropbox, 462.528pt x 346.896pt>
File: bunretsu3.png Graphic file (type png)
<use bunretsu3.png>
Package luatex.def Info: bunretsu3.png  used on input line 612. on input line 61
2.
Package luatex.def Info: Requested size: 203.89786pt x 152.92583pt on input line
 612.
<bunretsu4.png, id=170, pagebox=cropbox, 462.528pt x 346.896pt>
File: bunretsu4.png Graphic file (type png)
<use bunretsu4.png>
Package luatex.def Info: bunretsu4.png  used on input line 618. on input line 61
8.
Package luatex.def Info: Requested size: 203.89786pt x 152.92583pt on input line
 618.

Overfull \hbox (2.22pt too wide) in paragraph at lines 599--621
[][]$[]$[] []$[]$[] 
 []


Overfull \hbox (2.22pt too wide) in paragraph at lines 599--621
[][]$[]$[] []$[]$[] 
 []

[30<./bunretsu1.png><./bunretsu2.png><./bunretsu3.png><./bunretsu4.png>]
<kussetsu1.png, id=178, pagebox=cropbox, 462.528pt x 346.896pt>
File: kussetsu1.png Graphic file (type png)
<use kussetsu1.png>
Package luatex.def Info: kussetsu1.png  used on input line 634. on input line 63
4.
Package luatex.def Info: Requested size: 203.89786pt x 152.92583pt on input line
 634.
<kussetsu2.png, id=179, pagebox=cropbox, 462.528pt x 346.896pt>
File: kussetsu2.png Graphic file (type png)
<use kussetsu2.png>
Package luatex.def Info: kussetsu2.png  used on input line 639. on input line 63
9.
Package luatex.def Info: Requested size: 203.89786pt x 152.92583pt on input line
 639.
<kussetsu3.png, id=180, pagebox=cropbox, 462.528pt x 346.896pt>
File: kussetsu3.png Graphic file (type png)
<use kussetsu3.png>
Package luatex.def Info: kussetsu3.png  used on input line 644. on input line 64
4.
Package luatex.def Info: Requested size: 203.89786pt x 152.92583pt on input line
 644.
<kussetsu4.png, id=181, pagebox=cropbox, 462.528pt x 346.896pt>
File: kussetsu4.png Graphic file (type png)
<use kussetsu4.png>
Package luatex.def Info: kussetsu4.png  used on input line 649. on input line 64
9.
Package luatex.def Info: Requested size: 203.89786pt x 152.92583pt on input line
 649.

Overfull \hbox (2.22pt too wide) in paragraph at lines 632--652
[][]$[]$[] []$[]$[] 
 []


Overfull \hbox (2.22pt too wide) in paragraph at lines 632--652
[][]$[]$[] []$[]$[] 
 []

[31<./kussetsu1.png><./kussetsu2.png><./kussetsu3.png><./kussetsu4.png>]
<trap1.png, id=190, pagebox=cropbox, 462.528pt x 346.896pt>
File: trap1.png Graphic file (type png)
<use trap1.png>
Package luatex.def Info: trap1.png  used on input line 662. on input line 662.
Package luatex.def Info: Requested size: 203.89786pt x 152.92583pt on input line
 662.
<trap4.png, id=191, pagebox=cropbox, 462.528pt x 346.896pt>
File: trap4.png Graphic file (type png)
<use trap4.png>
Package luatex.def Info: trap4.png  used on input line 668. on input line 668.
Package luatex.def Info: Requested size: 203.89786pt x 152.92583pt on input line
 668.
<trap2.png, id=192, pagebox=cropbox, 462.528pt x 346.896pt>
File: trap2.png Graphic file (type png)
<use trap2.png>
Package luatex.def Info: trap2.png  used on input line 674. on input line 674.
Package luatex.def Info: Requested size: 203.89786pt x 152.92583pt on input line
 674.
<trap3.png, id=193, pagebox=cropbox, 462.528pt x 346.896pt>
File: trap3.png Graphic file (type png)
<use trap3.png>
Package luatex.def Info: trap3.png  used on input line 680. on input line 680.
Package luatex.def Info: Requested size: 203.89786pt x 152.92583pt on input line
 680.

Overfull \hbox (2.22pt too wide) in paragraph at lines 660--684
[][]$[]$[] []$[]$[] 
 []


Overfull \hbox (2.22pt too wide) in paragraph at lines 660--684
[][]$[]$[] []$[]$[] 
 []

[32<./trap1.png><./trap4.png><./trap2.png><./trap3.png>] [33]
<hansha.png, id=204, pagebox=cropbox, 462.528pt x 346.896pt>
File: hansha.png Graphic file (type png)
<use hansha.png>
Package luatex.def Info: hansha.png  used on input line 698. on input line 698.
Package luatex.def Info: Requested size: 284.52756pt x 213.40593pt on input line
 698.
 [34<./hansha.png>]
<hako.png, id=209, pagebox=cropbox, 462.528pt x 346.896pt>
File: hako.png Graphic file (type png)
<use hako.png>
Package luatex.def Info: hako.png  used on input line 708. on input line 708.
Package luatex.def Info: Requested size: 284.52756pt x 213.40593pt on input line
 708.
 [35<./hako.png>] [36] [37] [38]
Removing  `ltj.process_input_buffer' from `process_input_buffer'.
Inserting `ltj.listings_unicode' at position 1 in `process_input_buffer'.
Inserting `ltj.process_input_buffer' at position 2 in `process_input_buffer'. (./__init__.py [39])
Removing  `ltj.listings_unicode' from `process_input_buffer'.
Removing  `ltj.process_input_buffer' from `process_input_buffer'.
Inserting `ltj.listings_unicode' at position 1 in `process_input_buffer'.
Inserting `ltj.process_input_buffer' at position 2 in `process_input_buffer'. (./mesh.py [40])
Removing  `ltj.listings_unicode' from `process_input_buffer'.
Removing  `ltj.process_input_buffer' from `process_input_buffer'.
Inserting `ltj.listings_unicode' at position 1 in `process_input_buffer'.
Inserting `ltj.process_input_buffer' at position 2 in `process_input_buffer'.
(./context.py [41] [42] [43])
Removing  `ltj.listings_unicode' from `process_input_buffer'.
Removing  `ltj.process_input_buffer' from `process_input_buffer'.
Inserting `ltj.listings_unicode' at position 1 in `process_input_buffer'.
Inserting `ltj.process_input_buffer' at position 2 in `process_input_buffer'. (./quantized.py)
Removing  `ltj.listings_unicode' from `process_input_buffer'.
Removing  `ltj.process_input_buffer' from `process_input_buffer'.
Inserting `ltj.listings_unicode' at position 1 in `process_input_buffer'.
Inserting `ltj.process_input_buffer' at position 2 in `process_input_buffer'. (./field.py [44])
Removing  `ltj.listings_unicode' from `process_input_buffer'.
Removing  `ltj.process_input_buffer' from `process_input_buffer'.
Inserting `ltj.listings_unicode' at position 1 in `process_input_buffer'.
Inserting `ltj.process_input_buffer' at position 2 in `process_input_buffer'.
(./potential.py [45] [46] [47])
Removing  `ltj.listings_unicode' from `process_input_buffer'.
Removing  `ltj.process_input_buffer' from `process_input_buffer'.
Inserting `ltj.listings_unicode' at position 1 in `process_input_buffer'.
Inserting `ltj.process_input_buffer' at position 2 in `process_input_buffer'. (./state.py)
Removing  `ltj.listings_unicode' from `process_input_buffer'.
Removing  `ltj.process_input_buffer' from `process_input_buffer'.
Inserting `ltj.listings_unicode' at position 1 in `process_input_buffer'.
Inserting `ltj.process_input_buffer' at position 2 in `process_input_buffer'. (./laplasian.py [48] [49])
Removing  `ltj.listings_unicode' from `process_input_buffer'.
Removing  `ltj.process_input_buffer' from `process_input_buffer'.
Inserting `ltj.listings_unicode' at position 1 in `process_input_buffer'.
Inserting `ltj.process_input_buffer' at position 2 in `process_input_buffer'.
(./hamiltonian.py)
Removing  `ltj.listings_unicode' from `process_input_buffer'.
Removing  `ltj.process_input_buffer' from `process_input_buffer'.
Inserting `ltj.listings_unicode' at position 1 in `process_input_buffer'.
Inserting `ltj.process_input_buffer' at position 2 in `process_input_buffer'. (./schroedinger.py [50] [51])
Removing  `ltj.listings_unicode' from `process_input_buffer'. [52] [53] (./shul
on.aux)

LaTeX Font Warning: Some font shapes were not available, defaults substituted.

)

Here is how much of LuaTeX's memory you used:
 22465 strings out of 494472
 932688,662416 words of node,token memory allocated
 31205 words of node memory still in use:
   11 hlist, 2 vlist, 5 rule, 43 glue, 170 kern, 5434 attribute, 3668 glue_spec,
 281 attribute_list, 1 write, 15 user_defined nodes
   avail lists: 1:60,2:191135,3:355,4:18094,5:12021,6:3998,7:11893,8:6929,9:1808
5,10:42,11:1285
 25451 multiletter control sequences out of 65536+600000
 106 fonts using 67889671 bytes
 51i,14n,72p,958b,893s stack positions out of 5000i,500n,10000p,200000b,100000s
</usr/share/texmf/fonts/opentype/public/lm-math/latinmodern-math.otf></usr/share
/texmf/fonts/opentype/public/lm/lmmono10-italic.otf></usr/share/texmf/fonts/open
type/public/lm/lmmono9-regular.otf></usr/share/texmf/fonts/opentype/public/lm/lm
monolt10-bold.otf></usr/share/texmf/fonts/opentype/public/lm/lmroman7-regular.ot
f></usr/share/texmf/fonts/opentype/public/lm/lmroman9-regular.otf></usr/share/te
xmf/fonts/opentype/public/lm-math/latinmodern-math.otf></usr/share/texmf/fonts/o
pentype/public/lm-math/latinmodern-math.otf></usr/share/texmf/fonts/opentype/pub
lic/lm/lmsans12-regular.otf></usr/share/texmf/fonts/opentype/public/lm/lmsans10-
regular.otf></usr/share/texmf/fonts/opentype/public/lm/lmroman10-regular.otf></u
sr/share/texmf/fonts/opentype/public/lm/lmroman12-regular.otf></usr/share/texliv
e/texmf-dist/fonts/truetype/public/ipaex/ipaexm.ttf></usr/share/texlive/texmf-di
st/fonts/type1/public/amsfonts/cm/cmbx10.pfb></usr/share/texlive/texmf-dist/font
s/type1/public/amsfonts/cm/cmbx7.pfb></usr/share/texlive/texmf-dist/fonts/type1/
public/amsfonts/cm/cmmi10.pfb></usr/share/texlive/texmf-dist/fonts/type1/public/
amsfonts/symbols/msbm10.pfb>
Output written on shulon.pdf (53 pages, 2830028 bytes).

PDF statistics: 366 PDF objects out of 1000 (max. 8388607)
 178 compressed objects within 2 object streams
 0 named destinations out of 1000 (max. 131072)
 1 words of extra memory for PDF output out of 10000 (max. 100000000)

